# JRE version: OpenJDK Runtime Environment (21.0.4) (build 21.0.4+-12508038-b607.1)
# Java VM: OpenJDK 64-Bit Server VM (21.0.4+-12508038-b607.1, mixed mode, tiered, compressed oops, compressed class ptrs, g1 gc, windows-amd64)
GC Precious Log:
 CardTable entry size: 512
 Card Set container configuration: InlinePtr #cards 5 size 8 Array Of Cards #cards 12 size 40 Howl #buckets 4 coarsen threshold 1843 Howl Bitmap #cards 512 size 80 coarsen threshold 460 Card regions per heap region 1 cards per card region 2048
 CPUs: 8 total, 8 available
 Memory: 7603M
 Large Page Support: Disabled
 NUMA Support: Disabled
 Compressed Oops: Enabled (32-bit)
 Heap Region Size: 1M
 Heap Min Capacity: 8M
 Heap Initial Capacity: 120M
 Heap Max Capacity: 2G
 Pre-touch: Disabled
 Parallel Workers: 8
 Concurrent Workers: 2
 Concurrent Refinement Workers: 8
 Periodic GC: Disabled
Heap:
 garbage-first heap   total 424960K, used 281600K [0x0000000080000000, 0x0000000100000000)
  region size 1024K, 2 young (2048K), 2 survivors (2048K)
 Metaspace       used 175886K, committed 177856K, reserved 1245184K
  class space    used 22421K, committed 23616K, reserved 1048576K
GC Heap History (20 events):
Event: 8790.888 GC heap after
{Heap after GC invocations=101 (full 0):
 garbage-first heap   total 398336K, used 224256K [0x0000000080000000, 0x0000000100000000)
  region size 1024K, 12 young (12288K), 12 survivors (12288K)
 Metaspace       used 172130K, committed 176064K, reserved 1245184K
  class space    used 22034K, committed 23616K, reserved 1048576K
}
Event: 8791.112 GC heap before
{Heap before GC invocations=101 (full 0):
 garbage-first heap   total 398336K, used 268288K [0x0000000080000000, 0x0000000100000000)
  region size 1024K, 57 young (58368K), 12 survivors (12288K)
 Metaspace       used 172174K, committed 176064K, reserved 1245184K
  class space    used 22034K, committed 23616K, reserved 1048576K
}
Event: 8791.118 GC heap after
{Heap after GC invocations=102 (full 0):
 garbage-first heap   total 398336K, used 220996K [0x0000000080000000, 0x0000000100000000)
  region size 1024K, 3 young (3072K), 3 survivors (3072K)
 Metaspace       used 172174K, committed 176064K, reserved 1245184K
  class space    used 22034K, committed 23616K, reserved 1048576K
}
Event: 8861.747 GC heap before
{Heap before GC invocations=103 (full 0):
 garbage-first heap   total 398336K, used 331588K [0x0000000080000000, 0x0000000100000000)
  region size 1024K, 106 young (108544K), 3 survivors (3072K)
 Metaspace       used 172312K, committed 176128K, reserved 1245184K
  class space    used 22038K, committed 23616K, reserved 1048576K
}
Event: 8861.756 GC heap after
{Heap after GC invocations=104 (full 0):
 garbage-first heap   total 398336K, used 218007K [0x0000000080000000, 0x0000000100000000)
  region size 1024K, 11 young (11264K), 11 survivors (11264K)
 Metaspace       used 172312K, committed 176128K, reserved 1245184K
  class space    used 22038K, committed 23616K, reserved 1048576K
}
Event: 8998.699 GC heap before
{Heap before GC invocations=104 (full 0):
 garbage-first heap   total 398336K, used 346007K [0x0000000080000000, 0x0000000100000000)
  region size 1024K, 121 young (123904K), 11 survivors (11264K)
 Metaspace       used 172544K, committed 176128K, reserved 1245184K
  class space    used 22049K, committed 23616K, reserved 1048576K
}
Event: 8998.713 GC heap after
{Heap after GC invocations=105 (full 0):
 garbage-first heap   total 398336K, used 189337K [0x0000000080000000, 0x0000000100000000)
  region size 1024K, 2 young (2048K), 2 survivors (2048K)
 Metaspace       used 172544K, committed 176128K, reserved 1245184K
  class space    used 22049K, committed 23616K, reserved 1048576K
}
Event: 9007.457 GC heap before
{Heap before GC invocations=105 (full 0):
 garbage-first heap   total 398336K, used 278425K [0x0000000080000000, 0x0000000100000000)
  region size 1024K, 91 young (93184K), 2 survivors (2048K)
 Metaspace       used 173402K, committed 176256K, reserved 1245184K
  class space    used 22152K, committed 23616K, reserved 1048576K
}
Event: 9007.468 GC heap after
{Heap after GC invocations=106 (full 0):
 garbage-first heap   total 398336K, used 203373K [0x0000000080000000, 0x0000000100000000)
  region size 1024K, 18 young (18432K), 18 survivors (18432K)
 Metaspace       used 173402K, committed 176256K, reserved 1245184K
  class space    used 22152K, committed 23616K, reserved 1048576K
}
Event: 9008.517 GC heap before
{Heap before GC invocations=107 (full 0):
 garbage-first heap   total 398336K, used 353860K [0x0000000080000000, 0x0000000100000000)
  region size 1024K, 144 young (147456K), 18 survivors (18432K)
 Metaspace       used 173515K, committed 176320K, reserved 1245184K
  class space    used 22157K, committed 23616K, reserved 1048576K
}
Event: 9008.544 GC heap after
{Heap after GC invocations=108 (full 0):
 garbage-first heap   total 401408K, used 223961K [0x0000000080000000, 0x0000000100000000)
  region size 1024K, 18 young (18432K), 18 survivors (18432K)
 Metaspace       used 173515K, committed 176320K, reserved 1245184K
  class space    used 22157K, committed 23616K, reserved 1048576K
}
Event: 9009.268 GC heap before
{Heap before GC invocations=108 (full 0):
 garbage-first heap   total 401408K, used 340697K [0x0000000080000000, 0x0000000100000000)
  region size 1024K, 133 young (136192K), 18 survivors (18432K)
 Metaspace       used 173963K, committed 176320K, reserved 1245184K
  class space    used 22193K, committed 23616K, reserved 1048576K
}
Event: 9009.279 GC heap after
{Heap after GC invocations=109 (full 0):
 garbage-first heap   total 401408K, used 204179K [0x0000000080000000, 0x0000000100000000)
  region size 1024K, 3 young (3072K), 3 survivors (3072K)
 Metaspace       used 173963K, committed 176320K, reserved 1245184K
  class space    used 22193K, committed 23616K, reserved 1048576K
}
Event: 9009.672 GC heap before
{Heap before GC invocations=109 (full 0):
 garbage-first heap   total 401408K, used 243091K [0x0000000080000000, 0x0000000100000000)
  region size 1024K, 43 young (44032K), 3 survivors (3072K)
 Metaspace       used 175050K, committed 177152K, reserved 1245184K
  class space    used 22304K, committed 23616K, reserved 1048576K
}
Event: 9009.677 GC heap after
{Heap after GC invocations=110 (full 0):
 garbage-first heap   total 401408K, used 205656K [0x0000000080000000, 0x0000000100000000)
  region size 1024K, 4 young (4096K), 4 survivors (4096K)
 Metaspace       used 175050K, committed 177152K, reserved 1245184K
  class space    used 22304K, committed 23616K, reserved 1048576K
}
Event: 9010.554 GC heap before
{Heap before GC invocations=111 (full 0):
 garbage-first heap   total 401408K, used 368486K [0x0000000080000000, 0x0000000100000000)
  region size 1024K, 138 young (141312K), 4 survivors (4096K)
 Metaspace       used 175445K, committed 177536K, reserved 1245184K
  class space    used 22359K, committed 23616K, reserved 1048576K
}
Event: 9010.608 GC heap after
{Heap after GC invocations=112 (full 0):
 garbage-first heap   total 424960K, used 264704K [0x0000000080000000, 0x0000000100000000)
  region size 1024K, 18 young (18432K), 18 survivors (18432K)
 Metaspace       used 175445K, committed 177536K, reserved 1245184K
  class space    used 22359K, committed 23616K, reserved 1048576K
}
Event: 9011.461 GC heap before
{Heap before GC invocations=112 (full 0):
 garbage-first heap   total 424960K, used 364032K [0x0000000080000000, 0x0000000100000000)
  region size 1024K, 116 young (118784K), 18 survivors (18432K)
 Metaspace       used 175775K, committed 177792K, reserved 1245184K
  class space    used 22405K, committed 23616K, reserved 1048576K
}
Event: 9011.530 GC heap after
{Heap after GC invocations=113 (full 0):
 garbage-first heap   total 424960K, used 278528K [0x0000000080000000, 0x0000000100000000)
  region size 1024K, 15 young (15360K), 15 survivors (15360K)
 Metaspace       used 175775K, committed 177792K, reserved 1245184K
  class space    used 22405K, committed 23616K, reserved 1048576K
}
Event: 9011.628 GC heap before
{Heap before GC invocations=113 (full 0):
 garbage-first heap   total 424960K, used 288768K [0x0000000080000000, 0x0000000100000000)
  region size 1024K, 26 young (26624K), 15 survivors (15360K)
 Metaspace       used 175886K, committed 177856K, reserved 1245184K
  class space    used 22421K, committed 23616K, reserved 1048576K
}

