# JRE version: OpenJDK Runtime Environment (21.0.4) (build 21.0.4+-12508038-b607.1)
# Java VM: OpenJDK 64-Bit Server VM (21.0.4+-12508038-b607.1, mixed mode, tiered, compressed oops, compressed class ptrs, g1 gc, windows-amd64)
GC Precious Log:
 CardTable entry size: 512
 Card Set container configuration: InlinePtr #cards 5 size 8 Array Of Cards #cards 12 size 40 Howl #buckets 4 coarsen threshold 1843 Howl Bitmap #cards 512 size 80 coarsen threshold 460 Card regions per heap region 1 cards per card region 2048
 CPUs: 8 total, 8 available
 Memory: 7603M
 Large Page Support: Disabled
 NUMA Support: Disabled
 Compressed Oops: Enabled (32-bit)
 Heap Region Size: 1M
 Heap Min Capacity: 8M
 Heap Initial Capacity: 120M
 Heap Max Capacity: 2G
 Pre-touch: Disabled
 Parallel Workers: 8
 Concurrent Workers: 2
 Concurrent Refinement Workers: 8
 Periodic GC: Disabled
Heap:
 garbage-first heap   total 121856K, used 104448K [0x0000000080000000, 0x0000000100000000)
  region size 1024K, 64 young (65536K), 7 survivors (7168K)
 Metaspace       used 63209K, committed 64896K, reserved 1114112K
  class space    used 8632K, committed 9472K, reserved 1048576K
GC Heap History (20 events):
Event: 0.977 GC heap after
{Heap after GC invocations=3 (full 0):
 garbage-first heap   total 122880K, used 18596K [0x0000000080000000, 0x0000000100000000)
  region size 1024K, 7 young (7168K), 7 survivors (7168K)
 Metaspace       used 14262K, committed 14592K, reserved 1114112K
  class space    used 1565K, committed 1728K, reserved 1048576K
}
Event: 1.373 GC heap before
{Heap before GC invocations=3 (full 0):
 garbage-first heap   total 122880K, used 40100K [0x0000000080000000, 0x0000000100000000)
  region size 1024K, 30 young (30720K), 7 survivors (7168K)
 Metaspace       used 21218K, committed 21504K, reserved 1114112K
  class space    used 2458K, committed 2624K, reserved 1048576K
}
Event: 1.378 GC heap after
{Heap after GC invocations=4 (full 0):
 garbage-first heap   total 122880K, used 21928K [0x0000000080000000, 0x0000000100000000)
  region size 1024K, 8 young (8192K), 8 survivors (8192K)
 Metaspace       used 21218K, committed 21504K, reserved 1114112K
  class space    used 2458K, committed 2624K, reserved 1048576K
}
Event: 2.100 GC heap before
{Heap before GC invocations=5 (full 0):
 garbage-first heap   total 75776K, used 75176K [0x0000000080000000, 0x0000000100000000)
  region size 1024K, 60 young (61440K), 8 survivors (8192K)
 Metaspace       used 29798K, committed 30336K, reserved 1114112K
  class space    used 3825K, committed 4096K, reserved 1048576K
}
Event: 2.107 GC heap after
{Heap after GC invocations=6 (full 0):
 garbage-first heap   total 106496K, used 25047K [0x0000000080000000, 0x0000000100000000)
  region size 1024K, 7 young (7168K), 7 survivors (7168K)
 Metaspace       used 29798K, committed 30336K, reserved 1114112K
  class space    used 3825K, committed 4096K, reserved 1048576K
}
Event: 2.695 GC heap before
{Heap before GC invocations=6 (full 0):
 garbage-first heap   total 106496K, used 64983K [0x0000000080000000, 0x0000000100000000)
  region size 1024K, 47 young (48128K), 7 survivors (7168K)
 Metaspace       used 35310K, committed 36160K, reserved 1114112K
  class space    used 4745K, committed 5184K, reserved 1048576K
}
Event: 2.701 GC heap after
{Heap after GC invocations=7 (full 0):
 garbage-first heap   total 106496K, used 27309K [0x0000000080000000, 0x0000000100000000)
  region size 1024K, 6 young (6144K), 6 survivors (6144K)
 Metaspace       used 35310K, committed 36160K, reserved 1114112K
  class space    used 4745K, committed 5184K, reserved 1048576K
}
Event: 2.728 GC heap before
{Heap before GC invocations=7 (full 0):
 garbage-first heap   total 106496K, used 30381K [0x0000000080000000, 0x0000000100000000)
  region size 1024K, 10 young (10240K), 6 survivors (6144K)
 Metaspace       used 35617K, committed 36480K, reserved 1114112K
  class space    used 4792K, committed 5184K, reserved 1048576K
}
Event: 2.732 GC heap after
{Heap after GC invocations=8 (full 0):
 garbage-first heap   total 106496K, used 27849K [0x0000000080000000, 0x0000000100000000)
  region size 1024K, 3 young (3072K), 3 survivors (3072K)
 Metaspace       used 35617K, committed 36480K, reserved 1114112K
  class space    used 4792K, committed 5184K, reserved 1048576K
}
Event: 3.422 GC heap before
{Heap before GC invocations=9 (full 0):
 garbage-first heap   total 96256K, used 87241K [0x0000000080000000, 0x0000000100000000)
  region size 1024K, 62 young (63488K), 3 survivors (3072K)
 Metaspace       used 45543K, committed 46720K, reserved 1114112K
  class space    used 6062K, committed 6656K, reserved 1048576K
}
Event: 3.429 GC heap after
{Heap after GC invocations=10 (full 0):
 garbage-first heap   total 97280K, used 32964K [0x0000000080000000, 0x0000000100000000)
  region size 1024K, 8 young (8192K), 8 survivors (8192K)
 Metaspace       used 45543K, committed 46720K, reserved 1114112K
  class space    used 6062K, committed 6656K, reserved 1048576K
}
Event: 3.941 GC heap before
{Heap before GC invocations=10 (full 0):
 garbage-first heap   total 97280K, used 86212K [0x0000000080000000, 0x0000000100000000)
  region size 1024K, 56 young (57344K), 8 survivors (8192K)
 Metaspace       used 49675K, committed 50944K, reserved 1114112K
  class space    used 6634K, committed 7296K, reserved 1048576K
}
Event: 3.949 GC heap after
{Heap after GC invocations=11 (full 0):
 garbage-first heap   total 100352K, used 36601K [0x0000000080000000, 0x0000000100000000)
  region size 1024K, 5 young (5120K), 5 survivors (5120K)
 Metaspace       used 49675K, committed 50944K, reserved 1114112K
  class space    used 6634K, committed 7296K, reserved 1048576K
}
Event: 4.595 GC heap before
{Heap before GC invocations=11 (full 0):
 garbage-first heap   total 100352K, used 87801K [0x0000000080000000, 0x0000000100000000)
  region size 1024K, 54 young (55296K), 5 survivors (5120K)
 Metaspace       used 56443K, committed 57984K, reserved 1114112K
  class space    used 7580K, committed 8384K, reserved 1048576K
}
Event: 4.602 GC heap after
{Heap after GC invocations=12 (full 0):
 garbage-first heap   total 120832K, used 39914K [0x0000000080000000, 0x0000000100000000)
  region size 1024K, 4 young (4096K), 4 survivors (4096K)
 Metaspace       used 56443K, committed 57984K, reserved 1114112K
  class space    used 7580K, committed 8384K, reserved 1048576K
}
Event: 4.917 GC heap before
{Heap before GC invocations=12 (full 0):
 garbage-first heap   total 120832K, used 63466K [0x0000000080000000, 0x0000000100000000)
  region size 1024K, 28 young (28672K), 4 survivors (4096K)
 Metaspace       used 59469K, committed 61056K, reserved 1114112K
  class space    used 8068K, committed 8896K, reserved 1048576K
}
Event: 4.921 GC heap after
{Heap after GC invocations=13 (full 0):
 garbage-first heap   total 120832K, used 40837K [0x0000000080000000, 0x0000000100000000)
  region size 1024K, 5 young (5120K), 5 survivors (5120K)
 Metaspace       used 59469K, committed 61056K, reserved 1114112K
  class space    used 8068K, committed 8896K, reserved 1048576K
}
Event: 5.701 GC heap before
{Heap before GC invocations=14 (full 0):
 garbage-first heap   total 120832K, used 106373K [0x0000000080000000, 0x0000000100000000)
  region size 1024K, 70 young (71680K), 5 survivors (5120K)
 Metaspace       used 61455K, committed 63040K, reserved 1114112K
  class space    used 8306K, committed 9088K, reserved 1048576K
}
Event: 5.711 GC heap after
{Heap after GC invocations=15 (full 0):
 garbage-first heap   total 120832K, used 46080K [0x0000000080000000, 0x0000000100000000)
  region size 1024K, 9 young (9216K), 9 survivors (9216K)
 Metaspace       used 61455K, committed 63040K, reserved 1114112K
  class space    used 8306K, committed 9088K, reserved 1048576K
}
Event: 6.023 GC heap before
{Heap before GC invocations=15 (full 0):
 garbage-first heap   total 120832K, used 104448K [0x0000000080000000, 0x0000000100000000)
  region size 1024K, 66 young (67584K), 9 survivors (9216K)
 Metaspace       used 63209K, committed 64896K, reserved 1114112K
  class space    used 8632K, committed 9472K, reserved 1048576K
}

