# JRE version: OpenJDK Runtime Environment (21.0.4) (build 21.0.4+-12508038-b607.1)
# Java VM: OpenJDK 64-Bit Server VM (21.0.4+-12508038-b607.1, mixed mode, tiered, compressed oops, compressed class ptrs, g1 gc, windows-amd64)
GC Precious Log:
 CardTable entry size: 512
 Card Set container configuration: InlinePtr #cards 5 size 8 Array Of Cards #cards 12 size 40 Howl #buckets 4 coarsen threshold 1843 Howl Bitmap #cards 512 size 80 coarsen threshold 460 Card regions per heap region 1 cards per card region 2048
 CPUs: 8 total, 8 available
 Memory: 7603M
 Large Page Support: Disabled
 NUMA Support: Disabled
 Compressed Oops: Enabled (32-bit)
 Heap Region Size: 1M
 Heap Min Capacity: 8M
 Heap Initial Capacity: 120M
 Heap Max Capacity: 2G
 Pre-touch: Disabled
 Parallel Workers: 8
 Concurrent Workers: 2
 Concurrent Refinement Workers: 8
 Periodic GC: Disabled
Heap:
 garbage-first heap   total 471040K, used 256620K [0x0000000080000000, 0x0000000100000000)
  region size 1024K, 14 young (14336K), 14 survivors (14336K)
 Metaspace       used 173557K, committed 176064K, reserved 1245184K
  class space    used 22662K, committed 23936K, reserved 1048576K
GC Heap History (20 events):
Event: 929.246 GC heap after
{Heap after GC invocations=86 (full 0):
 garbage-first heap   total 471040K, used 240981K [0x0000000080000000, 0x0000000100000000)
  region size 1024K, 17 young (17408K), 17 survivors (17408K)
 Metaspace       used 164848K, committed 167424K, reserved 1245184K
  class space    used 21470K, committed 22784K, reserved 1048576K
}
Event: 930.517 GC heap before
{Heap before GC invocations=87 (full 0):
 garbage-first heap   total 471040K, used 414037K [0x0000000080000000, 0x0000000100000000)
  region size 1024K, 187 young (191488K), 17 survivors (17408K)
 Metaspace       used 170745K, committed 173248K, reserved 1245184K
  class space    used 22339K, committed 23616K, reserved 1048576K
}
Event: 930.532 GC heap after
{Heap after GC invocations=88 (full 0):
 garbage-first heap   total 471040K, used 248513K [0x0000000080000000, 0x0000000100000000)
  region size 1024K, 6 young (6144K), 6 survivors (6144K)
 Metaspace       used 170745K, committed 173248K, reserved 1245184K
  class space    used 22339K, committed 23616K, reserved 1048576K
}
Event: 931.112 GC heap before
{Heap before GC invocations=88 (full 0):
 garbage-first heap   total 471040K, used 418497K [0x0000000080000000, 0x0000000100000000)
  region size 1024K, 172 young (176128K), 6 survivors (6144K)
 Metaspace       used 172207K, committed 174720K, reserved 1245184K
  class space    used 22539K, committed 23808K, reserved 1048576K
}
Event: 931.120 GC heap after
{Heap after GC invocations=89 (full 0):
 garbage-first heap   total 471040K, used 244921K [0x0000000080000000, 0x0000000100000000)
  region size 1024K, 6 young (6144K), 6 survivors (6144K)
 Metaspace       used 172207K, committed 174720K, reserved 1245184K
  class space    used 22539K, committed 23808K, reserved 1048576K
}
Event: 931.505 GC heap before
{Heap before GC invocations=89 (full 0):
 garbage-first heap   total 471040K, used 423097K [0x0000000080000000, 0x0000000100000000)
  region size 1024K, 181 young (185344K), 6 survivors (6144K)
 Metaspace       used 172344K, committed 174912K, reserved 1245184K
  class space    used 22559K, committed 23872K, reserved 1048576K
}
Event: 931.517 GC heap after
{Heap after GC invocations=90 (full 0):
 garbage-first heap   total 471040K, used 250692K [0x0000000080000000, 0x0000000100000000)
  region size 1024K, 11 young (11264K), 11 survivors (11264K)
 Metaspace       used 172344K, committed 174912K, reserved 1245184K
  class space    used 22559K, committed 23872K, reserved 1048576K
}
Event: 932.268 GC heap before
{Heap before GC invocations=91 (full 0):
 garbage-first heap   total 471040K, used 436036K [0x0000000080000000, 0x0000000100000000)
  region size 1024K, 192 young (196608K), 11 survivors (11264K)
 Metaspace       used 172767K, committed 175296K, reserved 1245184K
  class space    used 22578K, committed 23872K, reserved 1048576K
}
Event: 932.278 GC heap after
{Heap after GC invocations=92 (full 0):
 garbage-first heap   total 471040K, used 249260K [0x0000000080000000, 0x0000000100000000)
  region size 1024K, 10 young (10240K), 10 survivors (10240K)
 Metaspace       used 172767K, committed 175296K, reserved 1245184K
  class space    used 22578K, committed 23872K, reserved 1048576K
}
Event: 932.726 GC heap before
{Heap before GC invocations=92 (full 0):
 garbage-first heap   total 471040K, used 436652K [0x0000000080000000, 0x0000000100000000)
  region size 1024K, 193 young (197632K), 10 survivors (10240K)
 Metaspace       used 173233K, committed 175744K, reserved 1245184K
  class space    used 22657K, committed 23936K, reserved 1048576K
}
Event: 932.740 GC heap after
{Heap after GC invocations=93 (full 0):
 garbage-first heap   total 471040K, used 246658K [0x0000000080000000, 0x0000000100000000)
  region size 1024K, 12 young (12288K), 12 survivors (12288K)
 Metaspace       used 173233K, committed 175744K, reserved 1245184K
  class space    used 22657K, committed 23936K, reserved 1048576K
}
Event: 933.030 GC heap before
{Heap before GC invocations=93 (full 0):
 garbage-first heap   total 471040K, used 435074K [0x0000000080000000, 0x0000000100000000)
  region size 1024K, 196 young (200704K), 12 survivors (12288K)
 Metaspace       used 173330K, committed 175872K, reserved 1245184K
  class space    used 22657K, committed 23936K, reserved 1048576K
}
Event: 933.041 GC heap after
{Heap after GC invocations=94 (full 0):
 garbage-first heap   total 471040K, used 247200K [0x0000000080000000, 0x0000000100000000)
  region size 1024K, 13 young (13312K), 13 survivors (13312K)
 Metaspace       used 173330K, committed 175872K, reserved 1245184K
  class space    used 22657K, committed 23936K, reserved 1048576K
}
Event: 933.473 GC heap before
{Heap before GC invocations=95 (full 0):
 garbage-first heap   total 471040K, used 433568K [0x0000000080000000, 0x0000000100000000)
  region size 1024K, 195 young (199680K), 13 survivors (13312K)
 Metaspace       used 173369K, committed 175872K, reserved 1245184K
  class space    used 22658K, committed 23936K, reserved 1048576K
}
Event: 933.484 GC heap after
{Heap after GC invocations=96 (full 0):
 garbage-first heap   total 471040K, used 247682K [0x0000000080000000, 0x0000000100000000)
  region size 1024K, 13 young (13312K), 13 survivors (13312K)
 Metaspace       used 173369K, committed 175872K, reserved 1245184K
  class space    used 22658K, committed 23936K, reserved 1048576K
}
Event: 933.843 GC heap before
{Heap before GC invocations=96 (full 0):
 garbage-first heap   total 471040K, used 434050K [0x0000000080000000, 0x0000000100000000)
  region size 1024K, 195 young (199680K), 13 survivors (13312K)
 Metaspace       used 173514K, committed 176000K, reserved 1245184K
  class space    used 22662K, committed 23936K, reserved 1048576K
}
Event: 933.856 GC heap after
{Heap after GC invocations=97 (full 0):
 garbage-first heap   total 471040K, used 245464K [0x0000000080000000, 0x0000000100000000)
  region size 1024K, 15 young (15360K), 15 survivors (15360K)
 Metaspace       used 173514K, committed 176000K, reserved 1245184K
  class space    used 22662K, committed 23936K, reserved 1048576K
}
Event: 934.056 GC heap before
{Heap before GC invocations=97 (full 0):
 garbage-first heap   total 471040K, used 431832K [0x0000000080000000, 0x0000000100000000)
  region size 1024K, 197 young (201728K), 15 survivors (15360K)
 Metaspace       used 173533K, committed 176064K, reserved 1245184K
  class space    used 22662K, committed 23936K, reserved 1048576K
}
Event: 934.073 GC heap after
{Heap after GC invocations=98 (full 0):
 garbage-first heap   total 471040K, used 255579K [0x0000000080000000, 0x0000000100000000)
  region size 1024K, 21 young (21504K), 21 survivors (21504K)
 Metaspace       used 173533K, committed 176064K, reserved 1245184K
  class space    used 22662K, committed 23936K, reserved 1048576K
}
Event: 934.367 GC heap before
{Heap before GC invocations=98 (full 0):
 garbage-first heap   total 471040K, used 425563K [0x0000000080000000, 0x0000000100000000)
  region size 1024K, 187 young (191488K), 21 survivors (21504K)
 Metaspace       used 173557K, committed 176064K, reserved 1245184K
  class space    used 22662K, committed 23936K, reserved 1048576K
}

