# JRE version: OpenJDK Runtime Environment (21.0.4) (build 21.0.4+-12508038-b607.1)
# Java VM: OpenJDK 64-Bit Server VM (21.0.4+-12508038-b607.1, mixed mode, tiered, compressed oops, compressed class ptrs, g1 gc, windows-amd64)
GC Precious Log:
 CardTable entry size: 512
 Card Set container configuration: InlinePtr #cards 5 size 8 Array Of Cards #cards 12 size 40 Howl #buckets 4 coarsen threshold 1843 Howl Bitmap #cards 512 size 80 coarsen threshold 460 Card regions per heap region 1 cards per card region 2048
 CPUs: 8 total, 8 available
 Memory: 7603M
 Large Page Support: Disabled
 NUMA Support: Disabled
 Compressed Oops: Enabled (32-bit)
 Heap Region Size: 1M
 Heap Min Capacity: 8M
 Heap Initial Capacity: 120M
 Heap Max Capacity: 2G
 Pre-touch: Disabled
 Parallel Workers: 8
 Concurrent Workers: 2
 Concurrent Refinement Workers: 8
 Periodic GC: Disabled
Heap:
 garbage-first heap   total 202752K, used 190441K [0x0000000080000000, 0x0000000100000000)
  region size 1024K, 56 young (57344K), 8 survivors (8192K)
 Metaspace       used 114347K, committed 116544K, reserved 1179648K
  class space    used 15470K, committed 16576K, reserved 1048576K
GC Heap History (20 events):
Event: 8.924 GC heap after
{Heap after GC invocations=26 (full 0):
 garbage-first heap   total 144384K, used 77735K [0x0000000080000000, 0x0000000100000000)
  region size 1024K, 3 young (3072K), 3 survivors (3072K)
 Metaspace       used 83996K, committed 85888K, reserved 1179648K
  class space    used 11384K, committed 12352K, reserved 1048576K
}
Event: 9.434 GC heap before
{Heap before GC invocations=26 (full 0):
 garbage-first heap   total 144384K, used 129959K [0x0000000080000000, 0x0000000100000000)
  region size 1024K, 54 young (55296K), 3 survivors (3072K)
 Metaspace       used 88364K, committed 90368K, reserved 1179648K
  class space    used 12019K, committed 13056K, reserved 1048576K
}
Event: 9.439 GC heap after
{Heap after GC invocations=27 (full 0):
 garbage-first heap   total 144384K, used 80346K [0x0000000080000000, 0x0000000100000000)
  region size 1024K, 7 young (7168K), 7 survivors (7168K)
 Metaspace       used 88364K, committed 90368K, reserved 1179648K
  class space    used 12019K, committed 13056K, reserved 1048576K
}
Event: 9.870 GC heap before
{Heap before GC invocations=27 (full 0):
 garbage-first heap   total 144384K, used 127450K [0x0000000080000000, 0x0000000100000000)
  region size 1024K, 53 young (54272K), 7 survivors (7168K)
 Metaspace       used 93040K, committed 95104K, reserved 1179648K
  class space    used 12669K, committed 13696K, reserved 1048576K
}
Event: 9.877 GC heap after
{Heap after GC invocations=28 (full 0):
 garbage-first heap   total 144384K, used 83742K [0x0000000080000000, 0x0000000100000000)
  region size 1024K, 7 young (7168K), 7 survivors (7168K)
 Metaspace       used 93040K, committed 95104K, reserved 1179648K
  class space    used 12669K, committed 13696K, reserved 1048576K
}
Event: 10.457 GC heap before
{Heap before GC invocations=29 (full 0):
 garbage-first heap   total 144384K, used 127774K [0x0000000080000000, 0x0000000100000000)
  region size 1024K, 50 young (51200K), 7 survivors (7168K)
 Metaspace       used 96566K, committed 98624K, reserved 1179648K
  class space    used 13244K, committed 14272K, reserved 1048576K
}
Event: 10.467 GC heap after
{Heap after GC invocations=30 (full 0):
 garbage-first heap   total 144384K, used 87582K [0x0000000080000000, 0x0000000100000000)
  region size 1024K, 7 young (7168K), 7 survivors (7168K)
 Metaspace       used 96566K, committed 98624K, reserved 1179648K
  class space    used 13244K, committed 14272K, reserved 1048576K
}
Event: 10.667 GC heap before
{Heap before GC invocations=30 (full 0):
 garbage-first heap   total 144384K, used 128542K [0x0000000080000000, 0x0000000100000000)
  region size 1024K, 47 young (48128K), 7 survivors (7168K)
 Metaspace       used 96737K, committed 98752K, reserved 1179648K
  class space    used 13254K, committed 14272K, reserved 1048576K
}
Event: 10.676 GC heap after
{Heap after GC invocations=31 (full 0):
 garbage-first heap   total 144384K, used 91914K [0x0000000080000000, 0x0000000100000000)
  region size 1024K, 5 young (5120K), 5 survivors (5120K)
 Metaspace       used 96737K, committed 98752K, reserved 1179648K
  class space    used 13254K, committed 14272K, reserved 1048576K
}
Event: 11.006 GC heap before
{Heap before GC invocations=31 (full 0):
 garbage-first heap   total 144384K, used 129802K [0x0000000080000000, 0x0000000100000000)
  region size 1024K, 43 young (44032K), 5 survivors (5120K)
 Metaspace       used 97119K, committed 99200K, reserved 1179648K
  class space    used 13305K, committed 14336K, reserved 1048576K
}
Event: 11.013 GC heap after
{Heap after GC invocations=32 (full 0):
 garbage-first heap   total 180224K, used 95049K [0x0000000080000000, 0x0000000100000000)
  region size 1024K, 5 young (5120K), 5 survivors (5120K)
 Metaspace       used 97119K, committed 99200K, reserved 1179648K
  class space    used 13305K, committed 14336K, reserved 1048576K
}
Event: 11.720 GC heap before
{Heap before GC invocations=33 (full 0):
 garbage-first heap   total 180224K, used 164681K [0x0000000080000000, 0x0000000100000000)
  region size 1024K, 69 young (70656K), 5 survivors (5120K)
 Metaspace       used 102095K, committed 104256K, reserved 1179648K
  class space    used 13951K, committed 15040K, reserved 1048576K
}
Event: 11.726 GC heap after
{Heap after GC invocations=34 (full 0):
 garbage-first heap   total 180224K, used 97684K [0x0000000080000000, 0x0000000100000000)
  region size 1024K, 8 young (8192K), 8 survivors (8192K)
 Metaspace       used 102095K, committed 104256K, reserved 1179648K
  class space    used 13951K, committed 15040K, reserved 1048576K
}
Event: 12.424 GC heap before
{Heap before GC invocations=34 (full 0):
 garbage-first heap   total 180224K, used 162196K [0x0000000080000000, 0x0000000100000000)
  region size 1024K, 70 young (71680K), 8 survivors (8192K)
 Metaspace       used 107500K, committed 109632K, reserved 1179648K
  class space    used 14534K, committed 15616K, reserved 1048576K
}
Event: 12.438 GC heap after
{Heap after GC invocations=35 (full 0):
 garbage-first heap   total 185344K, used 109959K [0x0000000080000000, 0x0000000100000000)
  region size 1024K, 9 young (9216K), 9 survivors (9216K)
 Metaspace       used 107500K, committed 109632K, reserved 1179648K
  class space    used 14534K, committed 15616K, reserved 1048576K
}
Event: 13.090 GC heap before
{Heap before GC invocations=35 (full 0):
 garbage-first heap   total 185344K, used 162183K [0x0000000080000000, 0x0000000100000000)
  region size 1024K, 61 young (62464K), 9 survivors (9216K)
 Metaspace       used 109218K, committed 111424K, reserved 1179648K
  class space    used 14712K, committed 15808K, reserved 1048576K
}
Event: 13.104 GC heap after
{Heap after GC invocations=36 (full 0):
 garbage-first heap   total 185344K, used 114281K [0x0000000080000000, 0x0000000100000000)
  region size 1024K, 6 young (6144K), 6 survivors (6144K)
 Metaspace       used 109218K, committed 111424K, reserved 1179648K
  class space    used 14712K, committed 15808K, reserved 1048576K
}
Event: 13.585 GC heap before
{Heap before GC invocations=37 (full 0):
 garbage-first heap   total 191488K, used 164457K [0x0000000080000000, 0x0000000100000000)
  region size 1024K, 56 young (57344K), 6 survivors (6144K)
 Metaspace       used 109671K, committed 111808K, reserved 1179648K
  class space    used 14782K, committed 15872K, reserved 1048576K
}
Event: 13.593 GC heap after
{Heap after GC invocations=38 (full 0):
 garbage-first heap   total 191488K, used 117744K [0x0000000080000000, 0x0000000100000000)
  region size 1024K, 5 young (5120K), 5 survivors (5120K)
 Metaspace       used 109671K, committed 111808K, reserved 1179648K
  class space    used 14782K, committed 15872K, reserved 1048576K
}
Event: 13.911 GC heap before
{Heap before GC invocations=38 (full 0):
 garbage-first heap   total 191488K, used 189424K [0x0000000080000000, 0x0000000100000000)
  region size 1024K, 53 young (54272K), 5 survivors (5120K)
 Metaspace       used 114347K, committed 116544K, reserved 1179648K
  class space    used 15470K, committed 16576K, reserved 1048576K
}

