# JRE version: OpenJDK Runtime Environment (21.0.4) (build 21.0.4+-12508038-b607.1)
# Java VM: OpenJDK 64-Bit Server VM (21.0.4+-12508038-b607.1, mixed mode, tiered, compressed oops, compressed class ptrs, g1 gc, windows-amd64)
GC Precious Log:
 CardTable entry size: 512
 Card Set container configuration: InlinePtr #cards 5 size 8 Array Of Cards #cards 12 size 40 Howl #buckets 4 coarsen threshold 1843 Howl Bitmap #cards 512 size 80 coarsen threshold 460 Card regions per heap region 1 cards per card region 2048
 CPUs: 8 total, 8 available
 Memory: 7603M
 Large Page Support: Disabled
 NUMA Support: Disabled
 Compressed Oops: Enabled (32-bit)
 Heap Region Size: 1M
 Heap Min Capacity: 8M
 Heap Initial Capacity: 120M
 Heap Max Capacity: 2G
 Pre-touch: Disabled
 Parallel Workers: 8
 Concurrent Workers: 2
 Concurrent Refinement Workers: 8
 Periodic GC: Disabled
Heap:
 garbage-first heap   total 316416K, used 273861K [0x0000000080000000, 0x0000000100000000)
  region size 1024K, 97 young (99328K), 12 survivors (12288K)
 Metaspace       used 142727K, committed 145088K, reserved 1179648K
  class space    used 18552K, committed 19776K, reserved 1048576K
GC Heap History (20 events):
Event: 120.334 GC heap before
{Heap before GC invocations=42 (full 0):
 garbage-first heap   total 245760K, used 221515K [0x0000000080000000, 0x0000000100000000)
  region size 1024K, 77 young (78848K), 10 survivors (10240K)
 Metaspace       used 125425K, committed 127680K, reserved 1179648K
  class space    used 16588K, committed 17728K, reserved 1048576K
}
Event: 120.352 GC heap after
{Heap after GC invocations=43 (full 0):
 garbage-first heap   total 245760K, used 156875K [0x0000000080000000, 0x0000000100000000)
  region size 1024K, 5 young (5120K), 5 survivors (5120K)
 Metaspace       used 125425K, committed 127680K, reserved 1179648K
  class space    used 16588K, committed 17728K, reserved 1048576K
}
Event: 121.119 GC heap before
{Heap before GC invocations=43 (full 0):
 garbage-first heap   total 245760K, used 190667K [0x0000000080000000, 0x0000000100000000)
  region size 1024K, 40 young (40960K), 5 survivors (5120K)
 Metaspace       used 127340K, committed 129664K, reserved 1179648K
  class space    used 16794K, committed 17984K, reserved 1048576K
}
Event: 121.132 GC heap after
{Heap after GC invocations=44 (full 0):
 garbage-first heap   total 245760K, used 165484K [0x0000000080000000, 0x0000000100000000)
  region size 1024K, 10 young (10240K), 10 survivors (10240K)
 Metaspace       used 127340K, committed 129664K, reserved 1179648K
  class space    used 16794K, committed 17984K, reserved 1048576K
}
Event: 122.503 GC heap before
{Heap before GC invocations=45 (full 0):
 garbage-first heap   total 281600K, used 228972K [0x0000000080000000, 0x0000000100000000)
  region size 1024K, 63 young (64512K), 10 survivors (10240K)
 Metaspace       used 127959K, committed 130240K, reserved 1179648K
  class space    used 16838K, committed 17984K, reserved 1048576K
}
Event: 122.541 GC heap after
{Heap after GC invocations=46 (full 0):
 garbage-first heap   total 281600K, used 182232K [0x0000000080000000, 0x0000000100000000)
  region size 1024K, 8 young (8192K), 8 survivors (8192K)
 Metaspace       used 127959K, committed 130240K, reserved 1179648K
  class space    used 16838K, committed 17984K, reserved 1048576K
}
Event: 123.282 GC heap before
{Heap before GC invocations=46 (full 0):
 garbage-first heap   total 281600K, used 264152K [0x0000000080000000, 0x0000000100000000)
  region size 1024K, 76 young (77824K), 8 survivors (8192K)
 Metaspace       used 131204K, committed 133504K, reserved 1179648K
  class space    used 17116K, committed 18240K, reserved 1048576K
}
Event: 123.312 GC heap after
{Heap after GC invocations=47 (full 0):
 garbage-first heap   total 284672K, used 188165K [0x0000000080000000, 0x0000000100000000)
  region size 1024K, 8 young (8192K), 8 survivors (8192K)
 Metaspace       used 131204K, committed 133504K, reserved 1179648K
  class space    used 17116K, committed 18240K, reserved 1048576K
}
Event: 123.900 GC heap before
{Heap before GC invocations=47 (full 0):
 garbage-first heap   total 284672K, used 251653K [0x0000000080000000, 0x0000000100000000)
  region size 1024K, 72 young (73728K), 8 survivors (8192K)
 Metaspace       used 131981K, committed 134272K, reserved 1179648K
  class space    used 17167K, committed 18304K, reserved 1048576K
}
Event: 123.919 GC heap after
{Heap after GC invocations=48 (full 0):
 garbage-first heap   total 284672K, used 186628K [0x0000000080000000, 0x0000000100000000)
  region size 1024K, 3 young (3072K), 3 survivors (3072K)
 Metaspace       used 131981K, committed 134272K, reserved 1179648K
  class space    used 17167K, committed 18304K, reserved 1048576K
}
Event: 125.298 GC heap before
{Heap before GC invocations=49 (full 0):
 garbage-first heap   total 316416K, used 261380K [0x0000000080000000, 0x0000000100000000)
  region size 1024K, 75 young (76800K), 3 survivors (3072K)
 Metaspace       used 134513K, committed 136896K, reserved 1179648K
  class space    used 17452K, committed 18688K, reserved 1048576K
}
Event: 125.309 GC heap after
{Heap after GC invocations=50 (full 0):
 garbage-first heap   total 316416K, used 189314K [0x0000000080000000, 0x0000000100000000)
  region size 1024K, 6 young (6144K), 6 survivors (6144K)
 Metaspace       used 134513K, committed 136896K, reserved 1179648K
  class space    used 17452K, committed 18688K, reserved 1048576K
}
Event: 126.916 GC heap before
{Heap before GC invocations=50 (full 0):
 garbage-first heap   total 316416K, used 288642K [0x0000000080000000, 0x0000000100000000)
  region size 1024K, 104 young (106496K), 6 survivors (6144K)
 Metaspace       used 138748K, committed 141056K, reserved 1179648K
  class space    used 18000K, committed 19200K, reserved 1048576K
}
Event: 126.945 GC heap after
{Heap after GC invocations=51 (full 0):
 garbage-first heap   total 316416K, used 181503K [0x0000000080000000, 0x0000000100000000)
  region size 1024K, 9 young (9216K), 9 survivors (9216K)
 Metaspace       used 138748K, committed 141056K, reserved 1179648K
  class space    used 18000K, committed 19200K, reserved 1048576K
}
Event: 127.399 GC heap before
{Heap before GC invocations=51 (full 0):
 garbage-first heap   total 316416K, used 289023K [0x0000000080000000, 0x0000000100000000)
  region size 1024K, 115 young (117760K), 9 survivors (9216K)
 Metaspace       used 139401K, committed 141824K, reserved 1179648K
  class space    used 18092K, committed 19328K, reserved 1048576K
}
Event: 127.418 GC heap after
{Heap after GC invocations=52 (full 0):
 garbage-first heap   total 316416K, used 183003K [0x0000000080000000, 0x0000000100000000)
  region size 1024K, 8 young (8192K), 8 survivors (8192K)
 Metaspace       used 139401K, committed 141824K, reserved 1179648K
  class space    used 18092K, committed 19328K, reserved 1048576K
}
Event: 127.710 GC heap before
{Heap before GC invocations=52 (full 0):
 garbage-first heap   total 316416K, used 286427K [0x0000000080000000, 0x0000000100000000)
  region size 1024K, 113 young (115712K), 8 survivors (8192K)
 Metaspace       used 139850K, committed 142208K, reserved 1179648K
  class space    used 18139K, committed 19328K, reserved 1048576K
}
Event: 127.721 GC heap after
{Heap after GC invocations=53 (full 0):
 garbage-first heap   total 316416K, used 181452K [0x0000000080000000, 0x0000000100000000)
  region size 1024K, 9 young (9216K), 9 survivors (9216K)
 Metaspace       used 139850K, committed 142208K, reserved 1179648K
  class space    used 18139K, committed 19328K, reserved 1048576K
}
Event: 128.248 GC heap before
{Heap before GC invocations=54 (full 0):
 garbage-first heap   total 316416K, used 288972K [0x0000000080000000, 0x0000000100000000)
  region size 1024K, 115 young (117760K), 9 survivors (9216K)
 Metaspace       used 140307K, committed 142656K, reserved 1179648K
  class space    used 18196K, committed 19392K, reserved 1048576K
}
Event: 128.267 GC heap after
{Heap after GC invocations=55 (full 0):
 garbage-first heap   total 316416K, used 186821K [0x0000000080000000, 0x0000000100000000)
  region size 1024K, 12 young (12288K), 12 survivors (12288K)
 Metaspace       used 140307K, committed 142656K, reserved 1179648K
  class space    used 18196K, committed 19392K, reserved 1048576K
}

