# JRE version: OpenJDK Runtime Environment (21.0.4) (build 21.0.4+-12508038-b607.1)
# Java VM: OpenJDK 64-Bit Server VM (21.0.4+-12508038-b607.1, mixed mode, tiered, compressed oops, compressed class ptrs, g1 gc, windows-amd64)
GC Precious Log:
 CardTable entry size: 512
 Card Set container configuration: InlinePtr #cards 5 size 8 Array Of Cards #cards 12 size 40 Howl #buckets 4 coarsen threshold 1843 Howl Bitmap #cards 512 size 80 coarsen threshold 460 Card regions per heap region 1 cards per card region 2048
 CPUs: 8 total, 8 available
 Memory: 7603M
 Large Page Support: Disabled
 NUMA Support: Disabled
 Compressed Oops: Enabled (32-bit)
 Heap Region Size: 1M
 Heap Min Capacity: 8M
 Heap Initial Capacity: 120M
 Heap Max Capacity: 2G
 Pre-touch: Disabled
 Parallel Workers: 8
 Concurrent Workers: 2
 Concurrent Refinement Workers: 8
 Periodic GC: Disabled
Heap:
 garbage-first heap   total 168960K, used 126761K [0x0000000080000000, 0x0000000100000000)
  region size 1024K, 5 young (5120K), 5 survivors (5120K)
 Metaspace       used 111734K, committed 113728K, reserved 1179648K
  class space    used 15306K, committed 16256K, reserved 1048576K
GC Heap History (20 events):
Event: 14.060 GC heap after
{Heap after GC invocations=28 (full 0):
 garbage-first heap   total 140288K, used 75608K [0x0000000080000000, 0x0000000100000000)
  region size 1024K, 6 young (6144K), 6 survivors (6144K)
 Metaspace       used 90944K, committed 92800K, reserved 1179648K
  class space    used 12398K, committed 13312K, reserved 1048576K
}
Event: 14.954 GC heap before
{Heap before GC invocations=29 (full 0):
 garbage-first heap   total 140288K, used 123736K [0x0000000080000000, 0x0000000100000000)
  region size 1024K, 54 young (55296K), 6 survivors (6144K)
 Metaspace       used 95063K, committed 97024K, reserved 1179648K
  class space    used 13033K, committed 14016K, reserved 1048576K
}
Event: 14.967 GC heap after
{Heap after GC invocations=30 (full 0):
 garbage-first heap   total 140288K, used 80202K [0x0000000080000000, 0x0000000100000000)
  region size 1024K, 7 young (7168K), 7 survivors (7168K)
 Metaspace       used 95063K, committed 97024K, reserved 1179648K
  class space    used 13033K, committed 14016K, reserved 1048576K
}
Event: 15.806 GC heap before
{Heap before GC invocations=30 (full 0):
 garbage-first heap   total 140288K, used 123210K [0x0000000080000000, 0x0000000100000000)
  region size 1024K, 50 young (51200K), 7 survivors (7168K)
 Metaspace       used 95225K, committed 97152K, reserved 1179648K
  class space    used 13043K, committed 14016K, reserved 1048576K
}
Event: 15.820 GC heap after
{Heap after GC invocations=31 (full 0):
 garbage-first heap   total 140288K, used 82351K [0x0000000080000000, 0x0000000100000000)
  region size 1024K, 3 young (3072K), 3 survivors (3072K)
 Metaspace       used 95225K, committed 97152K, reserved 1179648K
  class space    used 13043K, committed 14016K, reserved 1048576K
}
Event: 16.630 GC heap before
{Heap before GC invocations=31 (full 0):
 garbage-first heap   total 140288K, used 126383K [0x0000000080000000, 0x0000000100000000)
  region size 1024K, 47 young (48128K), 3 survivors (3072K)
 Metaspace       used 99810K, committed 101760K, reserved 1179648K
  class space    used 13599K, committed 14592K, reserved 1048576K
}
Event: 16.638 GC heap after
{Heap after GC invocations=32 (full 0):
 garbage-first heap   total 140288K, used 83443K [0x0000000080000000, 0x0000000100000000)
  region size 1024K, 4 young (4096K), 4 survivors (4096K)
 Metaspace       used 99810K, committed 101760K, reserved 1179648K
  class space    used 13599K, committed 14592K, reserved 1048576K
}
Event: 17.424 GC heap before
{Heap before GC invocations=33 (full 0):
 garbage-first heap   total 140288K, used 126451K [0x0000000080000000, 0x0000000100000000)
  region size 1024K, 47 young (48128K), 4 survivors (4096K)
 Metaspace       used 101948K, committed 103936K, reserved 1179648K
  class space    used 13875K, committed 14848K, reserved 1048576K
}
Event: 17.434 GC heap after
{Heap after GC invocations=34 (full 0):
 garbage-first heap   total 140288K, used 87222K [0x0000000080000000, 0x0000000100000000)
  region size 1024K, 6 young (6144K), 6 survivors (6144K)
 Metaspace       used 101948K, committed 103936K, reserved 1179648K
  class space    used 13875K, committed 14848K, reserved 1048576K
}
Event: 17.687 GC heap before
{Heap before GC invocations=34 (full 0):
 garbage-first heap   total 140288K, used 124086K [0x0000000080000000, 0x0000000100000000)
  region size 1024K, 43 young (44032K), 6 survivors (6144K)
 Metaspace       used 102985K, committed 104960K, reserved 1179648K
  class space    used 14015K, committed 14976K, reserved 1048576K
}
Event: 17.699 GC heap after
{Heap after GC invocations=35 (full 0):
 garbage-first heap   total 168960K, used 91992K [0x0000000080000000, 0x0000000100000000)
  region size 1024K, 6 young (6144K), 6 survivors (6144K)
 Metaspace       used 102985K, committed 104960K, reserved 1179648K
  class space    used 14015K, committed 14976K, reserved 1048576K
}
Event: 18.404 GC heap before
{Heap before GC invocations=35 (full 0):
 garbage-first heap   total 168960K, used 149336K [0x0000000080000000, 0x0000000100000000)
  region size 1024K, 63 young (64512K), 6 survivors (6144K)
 Metaspace       used 106968K, committed 108928K, reserved 1179648K
  class space    used 14568K, committed 15552K, reserved 1048576K
}
Event: 18.414 GC heap after
{Heap after GC invocations=36 (full 0):
 garbage-first heap   total 168960K, used 99837K [0x0000000080000000, 0x0000000100000000)
  region size 1024K, 8 young (8192K), 8 survivors (8192K)
 Metaspace       used 106968K, committed 108928K, reserved 1179648K
  class space    used 14568K, committed 15552K, reserved 1048576K
}
Event: 18.799 GC heap before
{Heap before GC invocations=37 (full 0):
 garbage-first heap   total 168960K, used 151037K [0x0000000080000000, 0x0000000100000000)
  region size 1024K, 58 young (59392K), 8 survivors (8192K)
 Metaspace       used 108428K, committed 110400K, reserved 1179648K
  class space    used 14811K, committed 15744K, reserved 1048576K
}
Event: 18.818 GC heap after
{Heap after GC invocations=38 (full 0):
 garbage-first heap   total 168960K, used 108872K [0x0000000080000000, 0x0000000100000000)
  region size 1024K, 8 young (8192K), 8 survivors (8192K)
 Metaspace       used 108428K, committed 110400K, reserved 1179648K
  class space    used 14811K, committed 15744K, reserved 1048576K
}
Event: 19.069 GC heap before
{Heap before GC invocations=38 (full 0):
 garbage-first heap   total 168960K, used 150856K [0x0000000080000000, 0x0000000100000000)
  region size 1024K, 49 young (50176K), 8 survivors (8192K)
 Metaspace       used 110020K, committed 112000K, reserved 1179648K
  class space    used 15033K, committed 16000K, reserved 1048576K
}
Event: 19.086 GC heap after
{Heap after GC invocations=39 (full 0):
 garbage-first heap   total 168960K, used 115788K [0x0000000080000000, 0x0000000100000000)
  region size 1024K, 7 young (7168K), 7 survivors (7168K)
 Metaspace       used 110020K, committed 112000K, reserved 1179648K
  class space    used 15033K, committed 16000K, reserved 1048576K
}
Event: 19.165 GC heap before
{Heap before GC invocations=39 (full 0):
 garbage-first heap   total 168960K, used 150604K [0x0000000080000000, 0x0000000100000000)
  region size 1024K, 42 young (43008K), 7 survivors (7168K)
 Metaspace       used 110780K, committed 112768K, reserved 1179648K
  class space    used 15124K, committed 16064K, reserved 1048576K
}
Event: 19.178 GC heap after
{Heap after GC invocations=40 (full 0):
 garbage-first heap   total 168960K, used 122025K [0x0000000080000000, 0x0000000100000000)
  region size 1024K, 6 young (6144K), 6 survivors (6144K)
 Metaspace       used 110780K, committed 112768K, reserved 1179648K
  class space    used 15124K, committed 16064K, reserved 1048576K
}
Event: 19.317 GC heap before
{Heap before GC invocations=40 (full 0):
 garbage-first heap   total 168960K, used 152745K [0x0000000080000000, 0x0000000100000000)
  region size 1024K, 36 young (36864K), 6 survivors (6144K)
 Metaspace       used 111734K, committed 113728K, reserved 1179648K
  class space    used 15306K, committed 16256K, reserved 1048576K
}

