# JRE version: OpenJDK Runtime Environment (21.0.4) (build 21.0.4+-12508038-b607.1)
# Java VM: OpenJDK 64-Bit Server VM (21.0.4+-12508038-b607.1, mixed mode, tiered, compressed oops, compressed class ptrs, g1 gc, windows-amd64)
GC Precious Log:
 CardTable entry size: 512
 Card Set container configuration: InlinePtr #cards 5 size 8 Array Of Cards #cards 12 size 40 Howl #buckets 4 coarsen threshold 1843 Howl Bitmap #cards 512 size 80 coarsen threshold 460 Card regions per heap region 1 cards per card region 2048
 CPUs: 8 total, 8 available
 Memory: 7603M
 Large Page Support: Disabled
 NUMA Support: Disabled
 Compressed Oops: Enabled (32-bit)
 Heap Region Size: 1M
 Heap Min Capacity: 8M
 Heap Initial Capacity: 120M
 Heap Max Capacity: 2G
 Pre-touch: Disabled
 Parallel Workers: 8
 Concurrent Workers: 2
 Concurrent Refinement Workers: 8
 Periodic GC: Disabled
Heap:
 garbage-first heap   total 129024K, used 82713K [0x0000000080000000, 0x0000000100000000)
  region size 1024K, 3 young (3072K), 3 survivors (3072K)
 Metaspace       used 77425K, committed 79104K, reserved 1179648K
  class space    used 10320K, committed 11136K, reserved 1048576K
GC Heap History (20 events):
Event: 4.846 GC heap after
{Heap after GC invocations=13 (full 0):
 garbage-first heap   total 96256K, used 39387K [0x0000000080000000, 0x0000000100000000)
  region size 1024K, 6 young (6144K), 6 survivors (6144K)
 Metaspace       used 58867K, committed 60288K, reserved 1114112K
  class space    used 7961K, committed 8704K, reserved 1048576K
}
Event: 5.358 GC heap before
{Heap before GC invocations=14 (full 0):
 garbage-first heap   total 96256K, used 82395K [0x0000000080000000, 0x0000000100000000)
  region size 1024K, 48 young (49152K), 6 survivors (6144K)
 Metaspace       used 64457K, committed 65984K, reserved 1114112K
  class space    used 8762K, committed 9536K, reserved 1048576K
}
Event: 5.366 GC heap after
{Heap after GC invocations=15 (full 0):
 garbage-first heap   total 96256K, used 42189K [0x0000000080000000, 0x0000000100000000)
  region size 1024K, 5 young (5120K), 5 survivors (5120K)
 Metaspace       used 64457K, committed 65984K, reserved 1114112K
  class space    used 8762K, committed 9536K, reserved 1048576K
}
Event: 6.618 GC heap before
{Heap before GC invocations=15 (full 0):
 garbage-first heap   total 96256K, used 83149K [0x0000000080000000, 0x0000000100000000)
  region size 1024K, 46 young (47104K), 5 survivors (5120K)
 Metaspace       used 73996K, committed 75584K, reserved 1179648K
  class space    used 10005K, committed 10816K, reserved 1048576K
}
Event: 6.625 GC heap after
{Heap after GC invocations=16 (full 0):
 garbage-first heap   total 96256K, used 45662K [0x0000000080000000, 0x0000000100000000)
  region size 1024K, 6 young (6144K), 6 survivors (6144K)
 Metaspace       used 73996K, committed 75584K, reserved 1179648K
  class space    used 10005K, committed 10816K, reserved 1048576K
}
Event: 10.055 GC heap before
{Heap before GC invocations=16 (full 0):
 garbage-first heap   total 96256K, used 82526K [0x0000000080000000, 0x0000000100000000)
  region size 1024K, 43 young (44032K), 6 survivors (6144K)
 Metaspace       used 76303K, committed 77952K, reserved 1179648K
  class space    used 10234K, committed 11072K, reserved 1048576K
}
Event: 10.063 GC heap after
{Heap after GC invocations=17 (full 0):
 garbage-first heap   total 96256K, used 50706K [0x0000000080000000, 0x0000000100000000)
  region size 1024K, 5 young (5120K), 5 survivors (5120K)
 Metaspace       used 76303K, committed 77952K, reserved 1179648K
  class space    used 10234K, committed 11072K, reserved 1048576K
}
Event: 10.148 GC heap before
{Heap before GC invocations=17 (full 0):
 garbage-first heap   total 96256K, used 61970K [0x0000000080000000, 0x0000000100000000)
  region size 1024K, 18 young (18432K), 5 survivors (5120K)
 Metaspace       used 76578K, committed 78272K, reserved 1179648K
  class space    used 10270K, committed 11136K, reserved 1048576K
}
Event: 10.152 GC heap after
{Heap after GC invocations=18 (full 0):
 garbage-first heap   total 96256K, used 52346K [0x0000000080000000, 0x0000000100000000)
  region size 1024K, 3 young (3072K), 3 survivors (3072K)
 Metaspace       used 76578K, committed 78272K, reserved 1179648K
  class space    used 10270K, committed 11136K, reserved 1048576K
}
Event: 10.291 GC heap before
{Heap before GC invocations=19 (full 0):
 garbage-first heap   total 96256K, used 85114K [0x0000000080000000, 0x0000000100000000)
  region size 1024K, 35 young (35840K), 3 survivors (3072K)
 Metaspace       used 76775K, committed 78464K, reserved 1179648K
  class space    used 10281K, committed 11136K, reserved 1048576K
}
Event: 10.294 GC heap after
{Heap after GC invocations=20 (full 0):
 garbage-first heap   total 96256K, used 53516K [0x0000000080000000, 0x0000000100000000)
  region size 1024K, 4 young (4096K), 4 survivors (4096K)
 Metaspace       used 76775K, committed 78464K, reserved 1179648K
  class space    used 10281K, committed 11136K, reserved 1048576K
}
Event: 10.433 GC heap before
{Heap before GC invocations=20 (full 0):
 garbage-first heap   total 96256K, used 84236K [0x0000000080000000, 0x0000000100000000)
  region size 1024K, 35 young (35840K), 4 survivors (4096K)
 Metaspace       used 77024K, committed 78656K, reserved 1179648K
  class space    used 10315K, committed 11136K, reserved 1048576K
}
Event: 10.441 GC heap after
{Heap after GC invocations=21 (full 0):
 garbage-first heap   total 116736K, used 58585K [0x0000000080000000, 0x0000000100000000)
  region size 1024K, 5 young (5120K), 5 survivors (5120K)
 Metaspace       used 77024K, committed 78656K, reserved 1179648K
  class space    used 10315K, committed 11136K, reserved 1048576K
}
Event: 10.660 GC heap before
{Heap before GC invocations=21 (full 0):
 garbage-first heap   total 116736K, used 101593K [0x0000000080000000, 0x0000000100000000)
  region size 1024K, 47 young (48128K), 5 survivors (5120K)
 Metaspace       used 77079K, committed 78720K, reserved 1179648K
  class space    used 10320K, committed 11136K, reserved 1048576K
}
Event: 10.675 GC heap after
{Heap after GC invocations=22 (full 0):
 garbage-first heap   total 120832K, used 71842K [0x0000000080000000, 0x0000000100000000)
  region size 1024K, 6 young (6144K), 6 survivors (6144K)
 Metaspace       used 77079K, committed 78720K, reserved 1179648K
  class space    used 10320K, committed 11136K, reserved 1048576K
}
Event: 10.788 GC heap before
{Heap before GC invocations=22 (full 0):
 garbage-first heap   total 121856K, used 101538K [0x0000000080000000, 0x0000000100000000)
  region size 1024K, 36 young (36864K), 6 survivors (6144K)
 Metaspace       used 77155K, committed 78784K, reserved 1179648K
  class space    used 10320K, committed 11136K, reserved 1048576K
}
Event: 10.799 GC heap after
{Heap after GC invocations=23 (full 0):
 garbage-first heap   total 121856K, used 77307K [0x0000000080000000, 0x0000000100000000)
  region size 1024K, 5 young (5120K), 5 survivors (5120K)
 Metaspace       used 77155K, committed 78784K, reserved 1179648K
  class space    used 10320K, committed 11136K, reserved 1048576K
}
Event: 10.947 GC heap before
{Heap before GC invocations=24 (full 0):
 garbage-first heap   total 121856K, used 104955K [0x0000000080000000, 0x0000000100000000)
  region size 1024K, 33 young (33792K), 5 survivors (5120K)
 Metaspace       used 77301K, committed 78912K, reserved 1179648K
  class space    used 10320K, committed 11136K, reserved 1048576K
}
Event: 10.955 GC heap after
{Heap after GC invocations=25 (full 0):
 garbage-first heap   total 121856K, used 81251K [0x0000000080000000, 0x0000000100000000)
  region size 1024K, 5 young (5120K), 5 survivors (5120K)
 Metaspace       used 77301K, committed 78912K, reserved 1179648K
  class space    used 10320K, committed 11136K, reserved 1048576K
}
Event: 11.107 GC heap before
{Heap before GC invocations=25 (full 0):
 garbage-first heap   total 121856K, used 106851K [0x0000000080000000, 0x0000000100000000)
  region size 1024K, 31 young (31744K), 5 survivors (5120K)
 Metaspace       used 77425K, committed 79104K, reserved 1179648K
  class space    used 10320K, committed 11136K, reserved 1048576K
}

