# JRE version: OpenJDK Runtime Environment (21.0.4) (build 21.0.4+-12508038-b607.1)
# Java VM: OpenJDK 64-Bit Server VM (21.0.4+-12508038-b607.1, mixed mode, tiered, compressed oops, compressed class ptrs, g1 gc, windows-amd64)
GC Precious Log:
 CardTable entry size: 512
 Card Set container configuration: InlinePtr #cards 5 size 8 Array Of Cards #cards 12 size 40 Howl #buckets 4 coarsen threshold 1843 Howl Bitmap #cards 512 size 80 coarsen threshold 460 Card regions per heap region 1 cards per card region 2048
 CPUs: 8 total, 8 available
 Memory: 7603M
 Large Page Support: Disabled
 NUMA Support: Disabled
 Compressed Oops: Enabled (32-bit)
 Heap Region Size: 1M
 Heap Min Capacity: 8M
 Heap Initial Capacity: 120M
 Heap Max Capacity: 2G
 Pre-touch: Disabled
 Parallel Workers: 8
 Concurrent Workers: 2
 Concurrent Refinement Workers: 8
 Periodic GC: Disabled
Heap:
 garbage-first heap   total 133120K, used 82291K [0x0000000080000000, 0x0000000100000000)
  region size 1024K, 4 young (4096K), 4 survivors (4096K)
 Metaspace       used 70553K, committed 72320K, reserved 1114112K
  class space    used 9654K, committed 10560K, reserved 1048576K
GC Heap History (20 events):
Event: 3.510 GC heap after
{Heap after GC invocations=11 (full 0):
 garbage-first heap   total 95232K, used 45788K [0x0000000080000000, 0x0000000100000000)
  region size 1024K, 5 young (5120K), 5 survivors (5120K)
 Metaspace       used 43022K, committed 44288K, reserved 1114112K
  class space    used 5983K, committed 6592K, reserved 1048576K
}
Event: 3.908 GC heap before
{Heap before GC invocations=11 (full 0):
 garbage-first heap   total 95232K, used 76508K [0x0000000080000000, 0x0000000100000000)
  region size 1024K, 36 young (36864K), 5 survivors (5120K)
 Metaspace       used 49218K, committed 50432K, reserved 1114112K
  class space    used 6643K, committed 7232K, reserved 1048576K
}
Event: 3.913 GC heap after
{Heap after GC invocations=12 (full 0):
 garbage-first heap   total 95232K, used 49624K [0x0000000080000000, 0x0000000100000000)
  region size 1024K, 5 young (5120K), 5 survivors (5120K)
 Metaspace       used 49218K, committed 50432K, reserved 1114112K
  class space    used 6643K, committed 7232K, reserved 1048576K
}
Event: 4.064 GC heap before
{Heap before GC invocations=12 (full 0):
 garbage-first heap   total 95232K, used 71128K [0x0000000080000000, 0x0000000100000000)
  region size 1024K, 28 young (28672K), 5 survivors (5120K)
 Metaspace       used 49750K, committed 51008K, reserved 1114112K
  class space    used 6698K, committed 7296K, reserved 1048576K
}
Event: 4.071 GC heap after
{Heap after GC invocations=13 (full 0):
 garbage-first heap   total 95232K, used 52180K [0x0000000080000000, 0x0000000100000000)
  region size 1024K, 3 young (3072K), 3 survivors (3072K)
 Metaspace       used 49750K, committed 51008K, reserved 1114112K
  class space    used 6698K, committed 7296K, reserved 1048576K
}
Event: 4.529 GC heap before
{Heap before GC invocations=14 (full 0):
 garbage-first heap   total 97280K, used 85972K [0x0000000080000000, 0x0000000100000000)
  region size 1024K, 31 young (31744K), 3 survivors (3072K)
 Metaspace       used 53987K, committed 55424K, reserved 1114112K
  class space    used 7266K, committed 8000K, reserved 1048576K
}
Event: 4.532 GC heap after
{Heap after GC invocations=15 (full 0):
 garbage-first heap   total 97280K, used 54141K [0x0000000080000000, 0x0000000100000000)
  region size 1024K, 3 young (3072K), 3 survivors (3072K)
 Metaspace       used 53987K, committed 55424K, reserved 1114112K
  class space    used 7266K, committed 8000K, reserved 1048576K
}
Event: 5.684 GC heap before
{Heap before GC invocations=15 (full 0):
 garbage-first heap   total 97280K, used 85885K [0x0000000080000000, 0x0000000100000000)
  region size 1024K, 33 young (33792K), 3 survivors (3072K)
 Metaspace       used 56547K, committed 57984K, reserved 1114112K
  class space    used 7654K, committed 8384K, reserved 1048576K
}
Event: 5.689 GC heap after
{Heap after GC invocations=16 (full 0):
 garbage-first heap   total 97280K, used 59061K [0x0000000080000000, 0x0000000100000000)
  region size 1024K, 5 young (5120K), 5 survivors (5120K)
 Metaspace       used 56547K, committed 57984K, reserved 1114112K
  class space    used 7654K, committed 8384K, reserved 1048576K
}
Event: 6.983 GC heap before
{Heap before GC invocations=16 (full 0):
 garbage-first heap   total 97280K, used 61109K [0x0000000080000000, 0x0000000100000000)
  region size 1024K, 8 young (8192K), 5 survivors (5120K)
 Metaspace       used 56628K, committed 58112K, reserved 1114112K
  class space    used 7656K, committed 8384K, reserved 1048576K
}
Event: 6.988 GC heap after
{Heap after GC invocations=17 (full 0):
 garbage-first heap   total 97280K, used 60483K [0x0000000080000000, 0x0000000100000000)
  region size 1024K, 2 young (2048K), 2 survivors (2048K)
 Metaspace       used 56628K, committed 58112K, reserved 1114112K
  class space    used 7656K, committed 8384K, reserved 1048576K
}
Event: 7.286 GC heap before
{Heap before GC invocations=18 (full 0):
 garbage-first heap   total 112640K, used 99395K [0x0000000080000000, 0x0000000100000000)
  region size 1024K, 27 young (27648K), 2 survivors (2048K)
 Metaspace       used 60055K, committed 61568K, reserved 1114112K
  class space    used 8095K, committed 8832K, reserved 1048576K
}
Event: 7.288 GC heap after
{Heap after GC invocations=19 (full 0):
 garbage-first heap   total 112640K, used 75506K [0x0000000080000000, 0x0000000100000000)
  region size 1024K, 4 young (4096K), 4 survivors (4096K)
 Metaspace       used 60055K, committed 61568K, reserved 1114112K
  class space    used 8095K, committed 8832K, reserved 1048576K
}
Event: 7.688 GC heap before
{Heap before GC invocations=19 (full 0):
 garbage-first heap   total 112640K, used 101106K [0x0000000080000000, 0x0000000100000000)
  region size 1024K, 29 young (29696K), 4 survivors (4096K)
 Metaspace       used 62414K, committed 63936K, reserved 1114112K
  class space    used 8413K, committed 9152K, reserved 1048576K
}
Event: 7.693 GC heap after
{Heap after GC invocations=20 (full 0):
 garbage-first heap   total 112640K, used 76566K [0x0000000080000000, 0x0000000100000000)
  region size 1024K, 2 young (2048K), 2 survivors (2048K)
 Metaspace       used 62414K, committed 63936K, reserved 1114112K
  class space    used 8413K, committed 9152K, reserved 1048576K
}
Event: 8.000 GC heap before
{Heap before GC invocations=20 (full 0):
 garbage-first heap   total 112640K, used 101142K [0x0000000080000000, 0x0000000100000000)
  region size 1024K, 26 young (26624K), 2 survivors (2048K)
 Metaspace       used 64546K, committed 66048K, reserved 1114112K
  class space    used 8652K, committed 9408K, reserved 1048576K
}
Event: 8.004 GC heap after
{Heap after GC invocations=21 (full 0):
 garbage-first heap   total 112640K, used 79059K [0x0000000080000000, 0x0000000100000000)
  region size 1024K, 4 young (4096K), 4 survivors (4096K)
 Metaspace       used 64546K, committed 66048K, reserved 1114112K
  class space    used 8652K, committed 9408K, reserved 1048576K
}
Event: 8.731 GC heap before
{Heap before GC invocations=22 (full 0):
 garbage-first heap   total 133120K, used 100563K [0x0000000080000000, 0x0000000100000000)
  region size 1024K, 25 young (25600K), 4 survivors (4096K)
 Metaspace       used 66498K, committed 68160K, reserved 1114112K
  class space    used 9001K, committed 9856K, reserved 1048576K
}
Event: 8.738 GC heap after
{Heap after GC invocations=23 (full 0):
 garbage-first heap   total 133120K, used 81097K [0x0000000080000000, 0x0000000100000000)
  region size 1024K, 2 young (2048K), 2 survivors (2048K)
 Metaspace       used 66498K, committed 68160K, reserved 1114112K
  class space    used 9001K, committed 9856K, reserved 1048576K
}
Event: 9.840 GC heap before
{Heap before GC invocations=23 (full 0):
 garbage-first heap   total 133120K, used 116937K [0x0000000080000000, 0x0000000100000000)
  region size 1024K, 37 young (37888K), 2 survivors (2048K)
 Metaspace       used 70553K, committed 72320K, reserved 1114112K
  class space    used 9654K, committed 10560K, reserved 1048576K
}

